Thu 20 Dec 23:27:07 CST 2018
Sending daily 8AM mail to my babe...
Baby, you are the most beautiful woman. Thanks for being there for me.
Thu 20 Dec 23:29:36 CST 2018
Sending daily 8AM mail to my babe...
Baba, sorry if i smell funky today... I probably have not showered in a bit. PLEASE HAVE FAITH IN ME. Love, Nico
Fri 21 Dec 08:00:01 CST 2018
Sending daily 8AM mail to my babe...
Baby, I love you soooo much. Please dont forget to clean up after yourself. Love and Respect, Nico. PS Toasty and Pika love you too hehehe
Fri 21 Dec 13:48:03 CST 2018
Sending daily 8AM mail to my babe...
You are one in a million, thanks for brightening my day. I LOVE YOU
Fri 21 Dec 13:48:22 CST 2018
Sending daily 8AM mail to my babe...
You are one in a million, thanks for brightening my day. I LOVE YOU
Fri 21 Dec 13:48:58 CST 2018
Sending daily 8AM mail to my babe...
You are one in a million, thanks for brightening my day. I LOVE YOU
Fri 21 Dec 22:44:05 CST 2018
Sending daily 8AM mail to my babe...
Baby, I love you soooo much. Please dont forget to clean up after yourself. Love and Respect, Nico. PS Toasty and Pika love you too hehehe
Sat 22 Dec 08:00:01 CST 2018
Sending daily 8AM mail to my babe...
You are one in a million, thanks for brightening my day. I LOVE YOU
Sun 23 Dec 08:00:01 CST 2018
Sending daily 8AM mail to my babe...
You are one in a million, thanks for brightening my day. I LOVE YOU
Mon 24 Dec 08:00:01 CST 2018
Sending daily 8AM mail to my babe...
Baby, you are the most beautiful woman. Thanks for being there for me.
Tue 25 Dec 08:00:01 CST 2018
Sending daily 8AM mail to my babe...
Baby, you are the most beautiful woman. Thanks for being there for me.
Wed 26 Dec 08:00:01 CST 2018
Sending daily 8AM mail to my babe...
Baby, I love you soooo much. Please dont forget to clean up after yourself. Love and Respect, Nico. PS Toasty and Pika love you too hehehe
Thu 27 Dec 08:00:01 CST 2018
Sending daily 8AM mail to my babe...
You are one in a million, thanks for brightening my day. I LOVE YOU
Fri 28 Dec 08:00:01 CST 2018
Sending daily 8AM mail to my babe...
Baba, sorry if i smell funky today... I probably have not showered in a bit. PLEASE HAVE FAITH IN ME. Love, Nico
Sun 30 Dec 12:02:04 CST 2018
Sending daily 8AM mail to my babe...
You are one in a million, thanks for brightening my day. I LOVE YOU
Mon 31 Dec 08:00:01 CST 2018
Sending daily 8AM mail to my babe...
You are one in a million, thanks for brightening my day. I LOVE YOU
Tue  1 Jan 08:00:01 CST 2019
Sending daily 8AM mail to my babe...
Baby, I love you soooo much. Please dont forget to clean up after yourself. Love and Respect, Nico. PS Toasty and Pika love you too hehehe
Wed  2 Jan 08:00:01 CST 2019
Sending daily 8AM mail to my babe...
You are one in a million, thanks for brightening my day. I LOVE YOU
Thu  3 Jan 08:00:02 CST 2019
Sending daily 8AM mail to my babe...
Baba, sorry if i smell funky today... I probably have not showered in a bit. PLEASE HAVE FAITH IN ME. Love, Nico
Thu  3 Jan 08:36:00 CST 2019
Sending daily 8AM mail to my babe...
Baby, you are the most beautiful woman. Thanks for being there for me.
Thu  3 Jan 21:40:51 CST 2019
Sending daily 8AM mail to my babe...
You are one in a million, thanks for brightening my day. I LOVE YOU
Fri  4 Jan 08:00:01 CST 2019
Sending daily 8AM mail to my babe...
Baby, you are the most beautiful woman. Thanks for being there for me.
Sat  5 Jan 08:00:01 CST 2019
Sending daily 8AM mail to my babe...
You are one in a million, thanks for brightening my day. I LOVE YOU
Sun  6 Jan 08:00:01 CST 2019
Sending daily 8AM mail to my babe...
Baby, you are the most beautiful woman. Thanks for being there for me.
Mon  7 Jan 08:00:01 CST 2019
Sending daily 8AM mail to my babe...
You are one in a million, thanks for brightening my day. I LOVE YOU
Tue  8 Jan 08:00:01 CST 2019
Sending daily 8AM mail to my babe...
You are one in a million, thanks for brightening my day. I LOVE YOU
Wed  9 Jan 08:00:01 CST 2019
Sending daily 8AM mail to my babe...
Baby, you are the most beautiful woman. Thanks for being there for me.
