Fri 21 Dec 22:49:42 CST 2018
Sending daily 8AM mail to my babe...
Polo, you are loved... wanna play smash?
Fri 21 Dec 22:54:02 CST 2018
Mail send to polo...
Im your boss
Fri 21 Dec 22:54:17 CST 2018
Mail send to polo...
Im your boss
Fri 21 Dec 22:54:34 CST 2018
Mail send to polo...
Im your boss
Fri 21 Dec 22:56:34 CST 2018
Mail send to polo...
Im your boss
Fri 21 Dec 22:56:37 CST 2018
Mail send to polo...
Im your boss
Fri 21 Dec 22:56:40 CST 2018
Mail send to polo...
Alonso says hiiii
Sun 23 Dec 10:00:02 CST 2018
Mail send to polo...
iMija eres bien nachitas
Mon 24 Dec 10:00:01 CST 2018
Mail send to polo...
Im your boss
Tue 25 Dec 10:00:01 CST 2018
Mail send to polo...
iHoney, cuidese mucho un abrazo
Wed 26 Dec 10:00:01 CST 2018
Mail send to polo...
Wondering if you will ever be free to hangout...
Thu 27 Dec 10:00:01 CST 2018
Mail send to polo...
iMija eres bien nachitas
Fri 28 Dec 10:00:02 CST 2018
Mail send to polo...
Wondering if you will ever be free to hangout...
Mon 31 Dec 10:00:01 CST 2018
Mail send to polo...
Polo, you are loved... wanna play smash
Tue  1 Jan 10:00:01 CST 2019
Mail send to polo...
iHoney, cuidese mucho un abrazo
Wed  2 Jan 10:00:01 CST 2019
Mail send to polo...
Polo, you are loved... wanna play smash
Thu  3 Jan 00:16:51 CST 2019
Mail send to polo...
Thu  3 Jan 00:17:03 CST 2019
Mail send to polo...
Thu  3 Jan 00:17:06 CST 2019
Mail send to polo...
Thu  3 Jan 00:17:11 CST 2019
Mail send to polo...
Thu  3 Jan 00:17:52 CST 2019
Mail send to polo...
Thu  3 Jan 00:17:53 CST 2019
Mail send to polo...
Thu  3 Jan 00:17:55 CST 2019
Mail send to polo...
Thu  3 Jan 00:17:56 CST 2019
Mail send to polo...
Thu  3 Jan 10:00:01 CST 2019
Mail send to polo...

Fri  4 Jan 10:00:01 CST 2019
Mail send to polo...

Sat  5 Jan 10:00:01 CST 2019
Mail send to polo...

Sun  6 Jan 10:00:01 CST 2019
Mail send to polo...

Mon  7 Jan 10:00:01 CST 2019
Mail send to polo...
October. This is one of the peculiarly dangerous months to speculate in stocks in. The others are July, January, September, April, November, May, March, June, December, August, and February. -- Mark Twain, "Pudd'nhead Wilson's Calendar"
Tue  8 Jan 10:00:01 CST 2019
Mail send to polo...
You have had a long-term stimulation relative to business.
Wed  9 Jan 10:00:01 CST 2019
Mail send to polo...
You plan things that you do not even attempt because of your extreme caution.
