Thu 27 Dec 08:30:01 CST 2018
Mail send to ma brosky...
Bro, tqm. Un abrazo
Fri 28 Dec 08:30:01 CST 2018
Mail send to ma brosky...
No es bro, no es wero, no es werito, no es RRO, just WRO, WRO BMX
Mon 31 Dec 08:30:01 CST 2018
Mail send to ma brosky...
Le mandas un saludo a Tara
Tue  1 Jan 08:30:01 CST 2019
Mail send to ma brosky...
No es bro, no es wero, no es werito, no es RRO, just WRO, WRO BMX
Wed  2 Jan 08:30:01 CST 2019
Mail send to ma brosky...
A ver cuando me vienes a visitar, te voy a llevar a comer unos ramen Tatsuya
Thu  3 Jan 08:30:01 CST 2019
Mail send to ma brosky...
No es bro, no es wero, no es werito, no es RRO, just WRO, WRO BMX
Fri  4 Jan 08:30:01 CST 2019
Mail send to ma brosky...
A ver cuando me vienes a visitar, te voy a llevar a comer unos ramen Tatsuya
Sat  5 Jan 08:30:01 CST 2019
Mail send to ma brosky...
Bro, tqm. Un abrazo
Sun  6 Jan 08:30:01 CST 2019
Mail send to ma brosky...
A ver cuando me vienes a visitar, te voy a llevar a comer unos ramen Tatsuya
Mon  7 Jan 08:30:01 CST 2019
Mail send to ma brosky...
A ver cuando me vienes a visitar, te voy a llevar a comer unos ramen Tatsuya
Tue  8 Jan 08:30:01 CST 2019
Mail send to ma brosky...
Le mandas un saludo a Tara
Wed  9 Jan 08:30:01 CST 2019
Mail send to ma brosky...
Bro, tqm. Un abrazo
